modules loaded
beginning preprocessing
bids-validator@1.4.0

	[33m1: [WARN] The recommended file /README is missing. See Section 03 (Modality agnostic files) of the BIDS specification. (code: 101 - README_FILE_MISSING)[39m

[36m	Please visit https://neurostars.org/search?q=README_FILE_MISSING for existing conversations about this issue.[39m


        [34m[4mSummary:[24m[39m                   [34m[4mAvailable Tasks:[24m[39m        [34m[4mAvailable Modalities:[24m[39m 
        2383 Files, 68.84GB        mid                     T1w                   
        111 - Subjects             rest                    bold                  
        1 - Session                                        events                
                                                           fieldmap              


[36m	If you have any questions, please post on https://neurostars.org/tags/bids.[39m

You are using fMRIPrep-20.2.3, and a newer version of fMRIPrep is available: 22.0.2.
Please check out our documentation about how and when to upgrade:
https://fmriprep.readthedocs.io/en/latest/faq.html#upgrading
221026-15:14:32,559 nipype.workflow IMPORTANT:
	 
    Running fMRIPREP version 20.2.3:
      * BIDS dataset path: /projects/b1108/studies/foundations/data/raw/neuroimaging/bids.
      * Participant list: ['f10452'].
      * Run identifier: 20221026-151321_a03a768b-9c18-4d25-84be-32bf69ce2304.
      * Output spaces: MNI152NLin2009cAsym:res-native.
      * Pre-run FreeSurfer's SUBJECTS_DIR: /projects/b1108/studies/foundations/data/processed/neuroimaging/fmriprep/freesurfer.
Process Process-2:
Traceback (most recent call last):
  File "/usr/local/miniconda/lib/python3.7/multiprocessing/process.py", line 297, in _bootstrap
    self.run()
  File "/usr/local/miniconda/lib/python3.7/multiprocessing/process.py", line 99, in run
    self._target(*self._args, **self._kwargs)
  File "/usr/local/miniconda/lib/python3.7/site-packages/fmriprep/cli/workflow.py", line 82, in build_workflow
    retval["workflow"] = init_fmriprep_wf()
  File "/usr/local/miniconda/lib/python3.7/site-packages/fmriprep/workflows/base.py", line 64, in init_fmriprep_wf
    single_subject_wf = init_single_subject_wf(subject_id)
  File "/usr/local/miniconda/lib/python3.7/site-packages/fmriprep/workflows/base.py", line 149, in init_single_subject_wf
    subject_id, task_id if task_id else '<all>')
RuntimeError: No BOLD images found for participant f10452 and task <all>. All workflows require BOLD images.
